2021-07-01 10:43:22.513 [restartedMain] WARN  o.s.d.m.c.index.MongoPersistentEntityIndexCreator - Automatic index creation will be disabled by default as of Spring Data MongoDB 3.x.
	Please use 'MongoMappingContext#setAutoIndexCreation(boolean)' or override 'MongoConfigurationSupport#autoIndexCreation()' to be explicit.
	However, we recommend setting up indices manually in an application ready block. You may use index derivation there as well.

	> -----------------------------------------------------------------------------------------
	> @EventListener(ApplicationReadyEvent.class)
	> public void initIndicesAfterStartup() {
	>
	>     IndexOperations indexOps = mongoTemplate.indexOps(DomainType.class);
	>
	>     IndexResolver resolver = new MongoPersistentEntityIndexResolver(mongoMappingContext);
	>     resolver.resolveIndexFor(DomainType.class).forEach(indexOps::ensureIndex);
	> }
	> -----------------------------------------------------------------------------------------

2021-07-01 10:43:23.699 [restartedMain] WARN  com.netflix.config.sources.URLConfigurationSource - No URLs will be polled as dynamic configuration sources.
2021-07-01 10:43:23.706 [restartedMain] WARN  com.netflix.config.sources.URLConfigurationSource - No URLs will be polled as dynamic configuration sources.
2021-07-01 12:53:37.658 [restartedMain] WARN  o.s.b.d.autoconfigure.OptionalLiveReloadServer - Unable to start LiveReload server
2021-07-01 12:53:37.719 [restartedMain] WARN  o.s.d.m.c.index.MongoPersistentEntityIndexCreator - Automatic index creation will be disabled by default as of Spring Data MongoDB 3.x.
	Please use 'MongoMappingContext#setAutoIndexCreation(boolean)' or override 'MongoConfigurationSupport#autoIndexCreation()' to be explicit.
	However, we recommend setting up indices manually in an application ready block. You may use index derivation there as well.

	> -----------------------------------------------------------------------------------------
	> @EventListener(ApplicationReadyEvent.class)
	> public void initIndicesAfterStartup() {
	>
	>     IndexOperations indexOps = mongoTemplate.indexOps(DomainType.class);
	>
	>     IndexResolver resolver = new MongoPersistentEntityIndexResolver(mongoMappingContext);
	>     resolver.resolveIndexFor(DomainType.class).forEach(indexOps::ensureIndex);
	> }
	> -----------------------------------------------------------------------------------------

2021-07-01 12:53:39.377 [restartedMain] WARN  com.netflix.config.sources.URLConfigurationSource - No URLs will be polled as dynamic configuration sources.
2021-07-01 12:53:39.384 [restartedMain] WARN  com.netflix.config.sources.URLConfigurationSource - No URLs will be polled as dynamic configuration sources.
2021-07-01 13:21:20.474 [restartedMain] WARN  o.s.b.d.autoconfigure.OptionalLiveReloadServer - Unable to start LiveReload server
2021-07-01 13:21:20.490 [restartedMain] WARN  o.s.d.m.c.index.MongoPersistentEntityIndexCreator - Automatic index creation will be disabled by default as of Spring Data MongoDB 3.x.
	Please use 'MongoMappingContext#setAutoIndexCreation(boolean)' or override 'MongoConfigurationSupport#autoIndexCreation()' to be explicit.
	However, we recommend setting up indices manually in an application ready block. You may use index derivation there as well.

	> -----------------------------------------------------------------------------------------
	> @EventListener(ApplicationReadyEvent.class)
	> public void initIndicesAfterStartup() {
	>
	>     IndexOperations indexOps = mongoTemplate.indexOps(DomainType.class);
	>
	>     IndexResolver resolver = new MongoPersistentEntityIndexResolver(mongoMappingContext);
	>     resolver.resolveIndexFor(DomainType.class).forEach(indexOps::ensureIndex);
	> }
	> -----------------------------------------------------------------------------------------

2021-07-01 13:21:20.726 [restartedMain] WARN  o.s.b.w.s.c.AnnotationConfigServletWebServerApplicationContext - Exception encountered during context initialization - cancelling refresh attempt: org.springframework.beans.factory.UnsatisfiedDependencyException: Error creating bean with name 'hsopitalController': Unsatisfied dependency expressed through field 'hospitalService'; nested exception is org.springframework.beans.factory.UnsatisfiedDependencyException: Error creating bean with name 'hospitalServiceImpl': Unsatisfied dependency expressed through field 'dictFeignClient'; nested exception is org.springframework.beans.factory.NoSuchBeanDefinitionException: No qualifying bean of type 'com.atguigu.yygh.cmn.client.DictFeignClient' available: expected at least 1 bean which qualifies as autowire candidate. Dependency annotations: {@org.springframework.beans.factory.annotation.Autowired(required=true)}
2021-07-01 13:25:27.826 [restartedMain] WARN  o.s.b.d.autoconfigure.OptionalLiveReloadServer - Unable to start LiveReload server
2021-07-01 13:25:27.841 [restartedMain] WARN  o.s.d.m.c.index.MongoPersistentEntityIndexCreator - Automatic index creation will be disabled by default as of Spring Data MongoDB 3.x.
	Please use 'MongoMappingContext#setAutoIndexCreation(boolean)' or override 'MongoConfigurationSupport#autoIndexCreation()' to be explicit.
	However, we recommend setting up indices manually in an application ready block. You may use index derivation there as well.

	> -----------------------------------------------------------------------------------------
	> @EventListener(ApplicationReadyEvent.class)
	> public void initIndicesAfterStartup() {
	>
	>     IndexOperations indexOps = mongoTemplate.indexOps(DomainType.class);
	>
	>     IndexResolver resolver = new MongoPersistentEntityIndexResolver(mongoMappingContext);
	>     resolver.resolveIndexFor(DomainType.class).forEach(indexOps::ensureIndex);
	> }
	> -----------------------------------------------------------------------------------------

2021-07-01 13:25:28.752 [restartedMain] WARN  com.netflix.config.sources.URLConfigurationSource - No URLs will be polled as dynamic configuration sources.
2021-07-01 13:25:28.758 [restartedMain] WARN  com.netflix.config.sources.URLConfigurationSource - No URLs will be polled as dynamic configuration sources.
2021-07-01 13:26:17.145 [http-nio-8201-exec-2] WARN  o.s.w.s.m.m.a.ExceptionHandlerExceptionResolver - Resolved [feign.FeignException$NotFound: status 404 reading DictFeignClient#getName(String)]
2021-07-01 13:27:23.841 [restartedMain] WARN  o.s.b.d.autoconfigure.OptionalLiveReloadServer - Unable to start LiveReload server
2021-07-01 13:27:23.859 [restartedMain] WARN  o.s.d.m.c.index.MongoPersistentEntityIndexCreator - Automatic index creation will be disabled by default as of Spring Data MongoDB 3.x.
	Please use 'MongoMappingContext#setAutoIndexCreation(boolean)' or override 'MongoConfigurationSupport#autoIndexCreation()' to be explicit.
	However, we recommend setting up indices manually in an application ready block. You may use index derivation there as well.

	> -----------------------------------------------------------------------------------------
	> @EventListener(ApplicationReadyEvent.class)
	> public void initIndicesAfterStartup() {
	>
	>     IndexOperations indexOps = mongoTemplate.indexOps(DomainType.class);
	>
	>     IndexResolver resolver = new MongoPersistentEntityIndexResolver(mongoMappingContext);
	>     resolver.resolveIndexFor(DomainType.class).forEach(indexOps::ensureIndex);
	> }
	> -----------------------------------------------------------------------------------------

2021-07-01 13:27:24.845 [restartedMain] WARN  com.netflix.config.sources.URLConfigurationSource - No URLs will be polled as dynamic configuration sources.
2021-07-01 13:27:24.851 [restartedMain] WARN  com.netflix.config.sources.URLConfigurationSource - No URLs will be polled as dynamic configuration sources.
2021-07-01 13:27:45.534 [http-nio-8201-exec-1] WARN  o.s.w.s.m.m.a.ExceptionHandlerExceptionResolver - Resolved [feign.FeignException$NotFound: status 404 reading DictFeignClient#getName(String)]
2021-07-01 13:28:50.761 [restartedMain] WARN  o.s.b.d.autoconfigure.OptionalLiveReloadServer - Unable to start LiveReload server
2021-07-01 13:28:50.776 [restartedMain] WARN  o.s.d.m.c.index.MongoPersistentEntityIndexCreator - Automatic index creation will be disabled by default as of Spring Data MongoDB 3.x.
	Please use 'MongoMappingContext#setAutoIndexCreation(boolean)' or override 'MongoConfigurationSupport#autoIndexCreation()' to be explicit.
	However, we recommend setting up indices manually in an application ready block. You may use index derivation there as well.

	> -----------------------------------------------------------------------------------------
	> @EventListener(ApplicationReadyEvent.class)
	> public void initIndicesAfterStartup() {
	>
	>     IndexOperations indexOps = mongoTemplate.indexOps(DomainType.class);
	>
	>     IndexResolver resolver = new MongoPersistentEntityIndexResolver(mongoMappingContext);
	>     resolver.resolveIndexFor(DomainType.class).forEach(indexOps::ensureIndex);
	> }
	> -----------------------------------------------------------------------------------------

2021-07-01 13:28:51.624 [restartedMain] WARN  com.netflix.config.sources.URLConfigurationSource - No URLs will be polled as dynamic configuration sources.
2021-07-01 13:28:51.629 [restartedMain] WARN  com.netflix.config.sources.URLConfigurationSource - No URLs will be polled as dynamic configuration sources.
2021-07-01 13:29:22.795 [http-nio-8201-exec-3] WARN  o.s.w.s.m.m.a.ExceptionHandlerExceptionResolver - Resolved [feign.FeignException$NotFound: status 404 reading DictFeignClient#getName(String)]
2021-07-01 13:31:02.472 [restartedMain] WARN  o.s.d.m.c.index.MongoPersistentEntityIndexCreator - Automatic index creation will be disabled by default as of Spring Data MongoDB 3.x.
	Please use 'MongoMappingContext#setAutoIndexCreation(boolean)' or override 'MongoConfigurationSupport#autoIndexCreation()' to be explicit.
	However, we recommend setting up indices manually in an application ready block. You may use index derivation there as well.

	> -----------------------------------------------------------------------------------------
	> @EventListener(ApplicationReadyEvent.class)
	> public void initIndicesAfterStartup() {
	>
	>     IndexOperations indexOps = mongoTemplate.indexOps(DomainType.class);
	>
	>     IndexResolver resolver = new MongoPersistentEntityIndexResolver(mongoMappingContext);
	>     resolver.resolveIndexFor(DomainType.class).forEach(indexOps::ensureIndex);
	> }
	> -----------------------------------------------------------------------------------------

2021-07-01 13:31:03.821 [restartedMain] WARN  com.netflix.config.sources.URLConfigurationSource - No URLs will be polled as dynamic configuration sources.
2021-07-01 13:31:03.829 [restartedMain] WARN  com.netflix.config.sources.URLConfigurationSource - No URLs will be polled as dynamic configuration sources.
2021-07-01 13:31:28.807 [http-nio-8201-exec-7] WARN  o.s.w.s.m.m.a.ExceptionHandlerExceptionResolver - Resolved [feign.FeignException$NotFound: status 404 reading DictFeignClient#getName(String)]
2021-07-01 13:32:19.637 [http-nio-8201-exec-1] WARN  o.s.w.s.m.m.a.ExceptionHandlerExceptionResolver - Resolved [feign.FeignException$NotFound: status 404 reading DictFeignClient#getName(String)]
2021-07-01 13:37:56.206 [http-nio-8201-exec-8] WARN  o.s.w.s.m.m.a.ExceptionHandlerExceptionResolver - Resolved [feign.FeignException$NotFound: status 404 reading DictFeignClient#getName(String)]
2021-07-01 13:39:10.402 [http-nio-8201-exec-5] WARN  o.s.w.s.m.m.a.ExceptionHandlerExceptionResolver - Resolved [feign.FeignException$NotFound: status 404 reading DictFeignClient#getName(String)]
2021-07-01 13:40:35.191 [http-nio-8201-exec-1] WARN  o.s.w.s.m.m.a.ExceptionHandlerExceptionResolver - Resolved [feign.FeignException$NotFound: status 404 reading DictFeignClient#getName(String)]
2021-07-01 13:43:32.825 [http-nio-8201-exec-3] WARN  o.s.w.s.m.m.a.ExceptionHandlerExceptionResolver - Resolved [feign.FeignException$NotFound: status 404 reading DictFeignClient#getName(String)]
2021-07-01 13:44:39.416 [restartedMain] WARN  o.s.d.m.c.index.MongoPersistentEntityIndexCreator - Automatic index creation will be disabled by default as of Spring Data MongoDB 3.x.
	Please use 'MongoMappingContext#setAutoIndexCreation(boolean)' or override 'MongoConfigurationSupport#autoIndexCreation()' to be explicit.
	However, we recommend setting up indices manually in an application ready block. You may use index derivation there as well.

	> -----------------------------------------------------------------------------------------
	> @EventListener(ApplicationReadyEvent.class)
	> public void initIndicesAfterStartup() {
	>
	>     IndexOperations indexOps = mongoTemplate.indexOps(DomainType.class);
	>
	>     IndexResolver resolver = new MongoPersistentEntityIndexResolver(mongoMappingContext);
	>     resolver.resolveIndexFor(DomainType.class).forEach(indexOps::ensureIndex);
	> }
	> -----------------------------------------------------------------------------------------

2021-07-01 13:44:40.295 [restartedMain] WARN  com.netflix.config.sources.URLConfigurationSource - No URLs will be polled as dynamic configuration sources.
2021-07-01 13:44:40.301 [restartedMain] WARN  com.netflix.config.sources.URLConfigurationSource - No URLs will be polled as dynamic configuration sources.
2021-07-01 13:44:54.128 [http-nio-8201-exec-9] WARN  o.s.w.s.m.m.a.ExceptionHandlerExceptionResolver - Resolved [feign.FeignException$NotFound: status 404 reading DictFeignClient#getName(String)]
2021-07-01 13:45:54.257 [restartedMain] WARN  o.s.d.m.c.index.MongoPersistentEntityIndexCreator - Automatic index creation will be disabled by default as of Spring Data MongoDB 3.x.
	Please use 'MongoMappingContext#setAutoIndexCreation(boolean)' or override 'MongoConfigurationSupport#autoIndexCreation()' to be explicit.
	However, we recommend setting up indices manually in an application ready block. You may use index derivation there as well.

	> -----------------------------------------------------------------------------------------
	> @EventListener(ApplicationReadyEvent.class)
	> public void initIndicesAfterStartup() {
	>
	>     IndexOperations indexOps = mongoTemplate.indexOps(DomainType.class);
	>
	>     IndexResolver resolver = new MongoPersistentEntityIndexResolver(mongoMappingContext);
	>     resolver.resolveIndexFor(DomainType.class).forEach(indexOps::ensureIndex);
	> }
	> -----------------------------------------------------------------------------------------

2021-07-01 13:45:55.104 [restartedMain] WARN  com.netflix.config.sources.URLConfigurationSource - No URLs will be polled as dynamic configuration sources.
2021-07-01 13:45:55.109 [restartedMain] WARN  com.netflix.config.sources.URLConfigurationSource - No URLs will be polled as dynamic configuration sources.
2021-07-01 14:46:02.870 [http-nio-8201-exec-9] WARN  o.s.w.s.m.m.a.ExceptionHandlerExceptionResolver - Failure in @ExceptionHandler com.atguigu.yygd.common.exception.GlobalExceptionHandler#error(Exception)
org.apache.catalina.connector.ClientAbortException: java.io.IOException: 你的主机中的软件中止了一个已建立的连接。
	at org.apache.catalina.connector.OutputBuffer.realWriteBytes(OutputBuffer.java:351)
	at org.apache.catalina.connector.OutputBuffer.flushByteBuffer(OutputBuffer.java:776)
	at org.apache.catalina.connector.OutputBuffer.append(OutputBuffer.java:681)
	at org.apache.catalina.connector.OutputBuffer.writeBytes(OutputBuffer.java:386)
	at org.apache.catalina.connector.OutputBuffer.write(OutputBuffer.java:364)
	at org.apache.catalina.connector.CoyoteOutputStream.write(CoyoteOutputStream.java:96)
	at org.springframework.util.StreamUtils$NonClosingOutputStream.write(StreamUtils.java:287)
	at com.fasterxml.jackson.core.json.UTF8JsonGenerator._flushBuffer(UTF8JsonGenerator.java:2137)
	at com.fasterxml.jackson.core.json.UTF8JsonGenerator.flush(UTF8JsonGenerator.java:1150)
	at com.fasterxml.jackson.databind.ObjectWriter.writeValue(ObjectWriter.java:923)
	at org.springframework.http.converter.json.AbstractJackson2HttpMessageConverter.writeInternal(AbstractJackson2HttpMessageConverter.java:346)
	at org.springframework.http.converter.AbstractGenericHttpMessageConverter.write(AbstractGenericHttpMessageConverter.java:104)
	at org.springframework.web.servlet.mvc.method.annotation.AbstractMessageConverterMethodProcessor.writeWithMessageConverters(AbstractMessageConverterMethodProcessor.java:277)
	at org.springframework.web.servlet.mvc.method.annotation.RequestResponseBodyMethodProcessor.handleReturnValue(RequestResponseBodyMethodProcessor.java:181)
	at org.springframework.web.method.support.HandlerMethodReturnValueHandlerComposite.handleReturnValue(HandlerMethodReturnValueHandlerComposite.java:82)
	at org.springframework.web.servlet.mvc.method.annotation.ServletInvocableHandlerMethod.invokeAndHandle(ServletInvocableHandlerMethod.java:123)
	at org.springframework.web.servlet.mvc.method.annotation.ExceptionHandlerExceptionResolver.doResolveHandlerMethodException(ExceptionHandlerExceptionResolver.java:403)
	at org.springframework.web.servlet.handler.AbstractHandlerMethodExceptionResolver.doResolveException(AbstractHandlerMethodExceptionResolver.java:61)
	at org.springframework.web.servlet.handler.AbstractHandlerExceptionResolver.resolveException(AbstractHandlerExceptionResolver.java:141)
	at org.springframework.web.servlet.handler.HandlerExceptionResolverComposite.resolveException(HandlerExceptionResolverComposite.java:80)
	at org.springframework.web.servlet.DispatcherServlet.processHandlerException(DispatcherServlet.java:1300)
	at org.springframework.web.servlet.DispatcherServlet.processDispatchResult(DispatcherServlet.java:1111)
	at org.springframework.web.servlet.DispatcherServlet.doDispatch(DispatcherServlet.java:1057)
	at org.springframework.web.servlet.DispatcherServlet.doService(DispatcherServlet.java:943)
	at org.springframework.web.servlet.FrameworkServlet.processRequest(FrameworkServlet.java:1006)
	at org.springframework.web.servlet.FrameworkServlet.doGet(FrameworkServlet.java:898)
	at javax.servlet.http.HttpServlet.service(HttpServlet.java:626)
	at org.springframework.web.servlet.FrameworkServlet.service(FrameworkServlet.java:883)
	at javax.servlet.http.HttpServlet.service(HttpServlet.java:733)
	at org.apache.catalina.core.ApplicationFilterChain.internalDoFilter(ApplicationFilterChain.java:231)
	at org.apache.catalina.core.ApplicationFilterChain.doFilter(ApplicationFilterChain.java:166)
	at org.apache.tomcat.websocket.server.WsFilter.doFilter(WsFilter.java:53)
	at org.apache.catalina.core.ApplicationFilterChain.internalDoFilter(ApplicationFilterChain.java:193)
	at org.apache.catalina.core.ApplicationFilterChain.doFilter(ApplicationFilterChain.java:166)
	at org.springframework.web.filter.RequestContextFilter.doFilterInternal(RequestContextFilter.java:100)
	at org.springframework.web.filter.OncePerRequestFilter.doFilter(OncePerRequestFilter.java:119)
	at org.apache.catalina.core.ApplicationFilterChain.internalDoFilter(ApplicationFilterChain.java:193)
	at org.apache.catalina.core.ApplicationFilterChain.doFilter(ApplicationFilterChain.java:166)
	at org.springframework.web.filter.FormContentFilter.doFilterInternal(FormContentFilter.java:93)
	at org.springframework.web.filter.OncePerRequestFilter.doFilter(OncePerRequestFilter.java:119)
	at org.apache.catalina.core.ApplicationFilterChain.internalDoFilter(ApplicationFilterChain.java:193)
	at org.apache.catalina.core.ApplicationFilterChain.doFilter(ApplicationFilterChain.java:166)
	at org.springframework.web.filter.CharacterEncodingFilter.doFilterInternal(CharacterEncodingFilter.java:201)
	at org.springframework.web.filter.OncePerRequestFilter.doFilter(OncePerRequestFilter.java:119)
	at org.apache.catalina.core.ApplicationFilterChain.internalDoFilter(ApplicationFilterChain.java:193)
	at org.apache.catalina.core.ApplicationFilterChain.doFilter(ApplicationFilterChain.java:166)
	at org.apache.catalina.core.StandardWrapperValve.invoke(StandardWrapperValve.java:202)
	at org.apache.catalina.core.StandardContextValve.invoke(StandardContextValve.java:97)
	at org.apache.catalina.authenticator.AuthenticatorBase.invoke(AuthenticatorBase.java:542)
	at org.apache.catalina.core.StandardHostValve.invoke(StandardHostValve.java:143)
	at org.apache.catalina.valves.ErrorReportValve.invoke(ErrorReportValve.java:92)
	at org.apache.catalina.core.StandardEngineValve.invoke(StandardEngineValve.java:78)
	at org.apache.catalina.connector.CoyoteAdapter.service(CoyoteAdapter.java:343)
	at org.apache.coyote.http11.Http11Processor.service(Http11Processor.java:374)
	at org.apache.coyote.AbstractProcessorLight.process(AbstractProcessorLight.java:65)
	at org.apache.coyote.AbstractProtocol$ConnectionHandler.process(AbstractProtocol.java:888)
	at org.apache.tomcat.util.net.NioEndpoint$SocketProcessor.doRun(NioEndpoint.java:1597)
	at org.apache.tomcat.util.net.SocketProcessorBase.run(SocketProcessorBase.java:49)
	at java.util.concurrent.ThreadPoolExecutor.runWorker(ThreadPoolExecutor.java:1149)
	at java.util.concurrent.ThreadPoolExecutor$Worker.run(ThreadPoolExecutor.java:624)
	at org.apache.tomcat.util.threads.TaskThread$WrappingRunnable.run(TaskThread.java:61)
	at java.lang.Thread.run(Thread.java:748)
Caused by: java.io.IOException: 你的主机中的软件中止了一个已建立的连接。
	at sun.nio.ch.SocketDispatcher.write0(Native Method)
	at sun.nio.ch.SocketDispatcher.write(SocketDispatcher.java:51)
	at sun.nio.ch.IOUtil.writeFromNativeBuffer(IOUtil.java:93)
	at sun.nio.ch.IOUtil.write(IOUtil.java:65)
	at sun.nio.ch.SocketChannelImpl.write(SocketChannelImpl.java:471)
	at org.apache.tomcat.util.net.NioChannel.write(NioChannel.java:138)
	at org.apache.tomcat.util.net.NioBlockingSelector.write(NioBlockingSelector.java:101)
	at org.apache.tomcat.util.net.NioSelectorPool.write(NioSelectorPool.java:152)
	at org.apache.tomcat.util.net.NioEndpoint$NioSocketWrapper.doWrite(NioEndpoint.java:1253)
	at org.apache.tomcat.util.net.SocketWrapperBase.doWrite(SocketWrapperBase.java:764)
	at org.apache.tomcat.util.net.SocketWrapperBase.writeBlocking(SocketWrapperBase.java:584)
	at org.apache.tomcat.util.net.SocketWrapperBase.write(SocketWrapperBase.java:528)
	at org.apache.coyote.http11.Http11OutputBuffer$SocketOutputBuffer.doWrite(Http11OutputBuffer.java:546)
	at org.apache.coyote.http11.filters.IdentityOutputFilter.doWrite(IdentityOutputFilter.java:84)
	at org.apache.coyote.http11.Http11OutputBuffer.doWrite(Http11OutputBuffer.java:193)
	at org.apache.coyote.Response.doWrite(Response.java:601)
	at org.apache.catalina.connector.OutputBuffer.realWriteBytes(OutputBuffer.java:339)
	... 61 common frames omitted
2021-07-01 15:03:08.560 [restartedMain] WARN  o.s.d.m.c.index.MongoPersistentEntityIndexCreator - Automatic index creation will be disabled by default as of Spring Data MongoDB 3.x.
	Please use 'MongoMappingContext#setAutoIndexCreation(boolean)' or override 'MongoConfigurationSupport#autoIndexCreation()' to be explicit.
	However, we recommend setting up indices manually in an application ready block. You may use index derivation there as well.

	> -----------------------------------------------------------------------------------------
	> @EventListener(ApplicationReadyEvent.class)
	> public void initIndicesAfterStartup() {
	>
	>     IndexOperations indexOps = mongoTemplate.indexOps(DomainType.class);
	>
	>     IndexResolver resolver = new MongoPersistentEntityIndexResolver(mongoMappingContext);
	>     resolver.resolveIndexFor(DomainType.class).forEach(indexOps::ensureIndex);
	> }
	> -----------------------------------------------------------------------------------------

2021-07-01 15:03:09.941 [restartedMain] WARN  com.netflix.config.sources.URLConfigurationSource - No URLs will be polled as dynamic configuration sources.
2021-07-01 15:03:09.950 [restartedMain] WARN  com.netflix.config.sources.URLConfigurationSource - No URLs will be polled as dynamic configuration sources.
